<?xml version="1.0" encoding="UTF-8"?>
<!-- Generated by org.testng.reporters.JUnitReportReporter -->
<testsuite skipped="0" hostname="INLN34419698A" name="com.openhrm.qa.testcases.LoginPageTest" tests="3" failures="0" timestamp="20 Jul 2019 16:16:34 GMT" time="26.298" errors="0">
  <testcase name="loginpageTitleTest" time="9.177" classname="com.openhrm.qa.testcases.LoginPageTest"/>
  <testcase name="loginpagelogoTest" time="7.601" classname="com.openhrm.qa.testcases.LoginPageTest"/>
  <testcase name="loginTest" time="9.520" classname="com.openhrm.qa.testcases.LoginPageTest"/>
</testsuite> <!-- com.openhrm.qa.testcases.LoginPageTest -->
