<?xml version="1.0" encoding="UTF-8"?>
<!-- Generated by org.testng.reporters.JUnitReportReporter -->
<testsuite skipped="0" hostname="INLN34419698A" name="com.openhrm.qa.testcases.HomePageTest" tests="2" failures="0" timestamp="20 Jul 2019 16:16:34 GMT" time="20.781" errors="0">
  <testcase name="userValidateTest" time="9.302" classname="com.openhrm.qa.testcases.HomePageTest"/>
  <testcase name="admintabClickTest" time="11.479" classname="com.openhrm.qa.testcases.HomePageTest"/>
</testsuite> <!-- com.openhrm.qa.testcases.HomePageTest -->
